#
# There is insufficient memory for the Java Runtime Environment to continue.
# Native memory allocation (malloc) failed to allocate 1082816 bytes for Chunk::new
# Possible reasons:
#   The system is out of physical RAM or swap space
#   In 32 bit mode, the process size limit was hit
# Possible solutions:
#   Reduce memory load on the system
#   Increase physical memory or swap space
#   Check if swap backing store is full
#   Use 64 bit Java on a 64 bit OS
#   Decrease Java heap size (-Xmx/-Xms)
#   Decrease number of Java threads
#   Decrease Java thread stack sizes (-Xss)
#   Set larger code cache with -XX:ReservedCodeCacheSize=
# This output file may be truncated or incomplete.
#
#  Out of Memory Error (allocation.cpp:390), pid=74996, tid=0x0000000000011fc8
#
# JRE version: Java(TM) SE Runtime Environment (8.0_144-b01) (build 1.8.0_144-b01)
# Java VM: Java HotSpot(TM) 64-Bit Server VM (25.144-b01 mixed mode windows-amd64 compressed oops)
# Failed to write core dump. Minidumps are not enabled by default on client versions of Windows
#

---------------  T H R E A D  ---------------

Current thread (0x00000000198b5000):  JavaThread "C2 CompilerThread2" daemon [_thread_in_native, id=73672, stack(0x000000001a180000,0x000000001a280000)]

Stack: [0x000000001a180000,0x000000001a280000]
[error occurred during error reporting (printing stack bounds), id 0xc0000005]

Native frames: (J=compiled Java code, j=interpreted, Vv=VM code, C=native code)


Current CompileTask:
C2:   2341 2914   !   4       org.codehaus.plexus.interpolation.StringSearchInterpolator::interpolate (650 bytes)


---------------  P R O C E S S  ---------------

Java Threads: ( => current thread )
  0x0000000019942800 JavaThread "Service Thread" daemon [_thread_blocked, id=128976, stack(0x000000001a380000,0x000000001a480000)]
  0x00000000198be800 JavaThread "C1 CompilerThread3" daemon [_thread_blocked, id=127400, stack(0x000000001a280000,0x000000001a380000)]
=>0x00000000198b5000 JavaThread "C2 CompilerThread2" daemon [_thread_in_native, id=73672, stack(0x000000001a180000,0x000000001a280000)]
  0x0000000019857800 JavaThread "C2 CompilerThread1" daemon [_thread_in_native, id=119868, stack(0x000000001a080000,0x000000001a180000)]
  0x0000000019855800 JavaThread "C2 CompilerThread0" daemon [_thread_in_native, id=121676, stack(0x0000000019f80000,0x000000001a080000)]
  0x0000000019850000 JavaThread "Attach Listener" daemon [_thread_blocked, id=123548, stack(0x0000000019e80000,0x0000000019f80000)]
  0x00000000198b3000 JavaThread "Signal Dispatcher" daemon [_thread_blocked, id=127444, stack(0x0000000019d80000,0x0000000019e80000)]
  0x0000000002938800 JavaThread "Finalizer" daemon [_thread_blocked, id=115796, stack(0x0000000019c20000,0x0000000019d20000)]
  0x000000001793d800 JavaThread "Reference Handler" daemon [_thread_blocked, id=120728, stack(0x0000000019720000,0x0000000019820000)]
  0x00000000029ad800 JavaThread "main" [_thread_in_native, id=3480, stack(0x00000000023d0000,0x00000000024d0000)]

Other Threads:
  0x0000000017939800 VMThread [stack: 0x0000000019620000,0x0000000019720000] [id=128820]
  0x00000000199c4800 WatcherThread [stack: 0x000000001a480000,0x000000001a580000] [id=128552]

VM state:not at safepoint (normal execution)

VM Mutex/Monitor currently owned by a thread: None

Heap:
 PSYoungGen      total 147456K, used 34251K [0x00000000d5e00000, 0x00000000dfc00000, 0x0000000100000000)
  eden space 133120K, 17% used [0x00000000d5e00000,0x00000000d7557fc8,0x00000000de000000)
  from space 14336K, 72% used [0x00000000dee00000,0x00000000df81acf0,0x00000000dfc00000)
  to   space 14336K, 0% used [0x00000000de000000,0x00000000de000000,0x00000000dee00000)
 ParOldGen       total 87552K, used 18804K [0x0000000081a00000, 0x0000000086f80000, 0x00000000d5e00000)
  object space 87552K, 21% used [0x0000000081a00000,0x0000000082c5d280,0x0000000086f80000)
 Metaspace       used 16961K, capacity 17434K, committed 17792K, reserved 1064960K
  class space    used 1994K, capacity 2125K, committed 2176K, reserved 1048576K

Card table byte_map: [0x0000000011d70000,0x0000000012170000] byte_map_base: 0x0000000011963000

Marking Bits: (ParMarkBitMap*) 0x000000007267d850
 Begin Bits: [0x0000000012c20000, 0x0000000014bb8000)
 End Bits:   [0x0000000014bb8000, 0x0000000016b50000)

Polling page: 0x00000000024d0000

CodeCache: size=245760Kb used=10990Kb max_used=10990Kb free=234769Kb
 bounds [0x00000000029b0000, 0x0000000003480000, 0x00000000119b0000]
 total_blobs=3456 nmethods=3092 adapters=276
 compilation: enabled

Compilation events (10 events):
Event: 2.302 Thread 0x00000000198be800 nmethod 3099 0x000000000345f890 code [0x000000000345fa20, 0x000000000345fd38]
Event: 2.302 Thread 0x00000000198be800 3100       2       org.apache.maven.model.merge.ModelMerger::mergeRepositoryBase_Name (41 bytes)
Event: 2.302 Thread 0x00000000198be800 nmethod 3100 0x000000000345ff50 code [0x00000000034600e0, 0x00000000034603f8]
Event: 2.302 Thread 0x00000000198be800 3101       2       org.apache.maven.model.merge.ModelMerger::mergeRepositoryBase_Url (41 bytes)
Event: 2.302 Thread 0x00000000198be800 nmethod 3101 0x0000000003460610 code [0x00000000034607a0, 0x0000000003460ab8]
Event: 2.304 Thread 0x00000000198be800 3102       2       org.apache.maven.model.Scm::getLocation (25 bytes)
Event: 2.304 Thread 0x00000000198be800 nmethod 3102 0x0000000003460cd0 code [0x0000000003460e40, 0x0000000003461008]
Event: 2.304 Thread 0x00000000198be800 3103       2       org.apache.maven.model.management.DefaultPluginManagementInjector$ManagementModelMerger::mergePlugin_Executions (208 bytes)
Event: 2.305 Thread 0x00000000198be800 nmethod 3103 0x00000000034610d0 code [0x00000000034613a0, 0x0000000003461dd8]
Event: 2.309 Thread 0x00000000198be800 3104       2       org.apache.maven.model.merge.ModelMerger::mergeDependency_GroupId (41 bytes)

GC Heap History (10 events):
Event: 0.896 GC heap before
{Heap before GC invocations=2 (full 0):
 PSYoungGen      total 38400K, used 38383K [0x00000000d5e00000, 0x00000000d8880000, 0x0000000100000000)
  eden space 33280K, 100% used [0x00000000d5e00000,0x00000000d7e80000,0x00000000d7e80000)
  from space 5120K, 99% used [0x00000000d7e80000,0x00000000d837bc70,0x00000000d8380000)
  to   space 5120K, 0% used [0x00000000d8380000,0x00000000d8380000,0x00000000d8880000)
 ParOldGen       total 87552K, used 338K [0x0000000081a00000, 0x0000000086f80000, 0x00000000d5e00000)
  object space 87552K, 0% used [0x0000000081a00000,0x0000000081a54850,0x0000000086f80000)
 Metaspace       used 12035K, capacity 12244K, committed 12416K, reserved 1060864K
  class space    used 1506K, capacity 1608K, committed 1664K, reserved 1048576K
Event: 0.901 GC heap after
Heap after GC invocations=2 (full 0):
 PSYoungGen      total 38400K, used 5105K [0x00000000d5e00000, 0x00000000da900000, 0x0000000100000000)
  eden space 33280K, 0% used [0x00000000d5e00000,0x00000000d5e00000,0x00000000d7e80000)
  from space 5120K, 99% used [0x00000000d8380000,0x00000000d887c4e0,0x00000000d8880000)
  to   space 5120K, 0% used [0x00000000d7e80000,0x00000000d7e80000,0x00000000d8380000)
 ParOldGen       total 87552K, used 2744K [0x0000000081a00000, 0x0000000086f80000, 0x00000000d5e00000)
  object space 87552K, 3% used [0x0000000081a00000,0x0000000081cae238,0x0000000086f80000)
 Metaspace       used 12035K, capacity 12244K, committed 12416K, reserved 1060864K
  class space    used 1506K, capacity 1608K, committed 1664K, reserved 1048576K
}
Event: 1.308 GC heap before
{Heap before GC invocations=3 (full 0):
 PSYoungGen      total 38400K, used 38385K [0x00000000d5e00000, 0x00000000da900000, 0x0000000100000000)
  eden space 33280K, 100% used [0x00000000d5e00000,0x00000000d7e80000,0x00000000d7e80000)
  from space 5120K, 99% used [0x00000000d8380000,0x00000000d887c4e0,0x00000000d8880000)
  to   space 5120K, 0% used [0x00000000d7e80000,0x00000000d7e80000,0x00000000d8380000)
 ParOldGen       total 87552K, used 2744K [0x0000000081a00000, 0x0000000086f80000, 0x00000000d5e00000)
  object space 87552K, 3% used [0x0000000081a00000,0x0000000081cae238,0x0000000086f80000)
 Metaspace       used 14889K, capacity 15124K, committed 15232K, reserved 1062912K
  class space    used 1825K, capacity 1912K, committed 1920K, reserved 1048576K
Event: 1.316 GC heap after
Heap after GC invocations=3 (full 0):
 PSYoungGen      total 38400K, used 5104K [0x00000000d5e00000, 0x00000000da900000, 0x0000000100000000)
  eden space 33280K, 0% used [0x00000000d5e00000,0x00000000d5e00000,0x00000000d7e80000)
  from space 5120K, 99% used [0x00000000d7e80000,0x00000000d837c060,0x00000000d8380000)
  to   space 5120K, 0% used [0x00000000da400000,0x00000000da400000,0x00000000da900000)
 ParOldGen       total 87552K, used 6745K [0x0000000081a00000, 0x0000000086f80000, 0x00000000d5e00000)
  object space 87552K, 7% used [0x0000000081a00000,0x0000000082096598,0x0000000086f80000)
 Metaspace       used 14889K, capacity 15124K, committed 15232K, reserved 1062912K
  class space    used 1825K, capacity 1912K, committed 1920K, reserved 1048576K
}
Event: 1.541 GC heap before
{Heap before GC invocations=4 (full 0):
 PSYoungGen      total 38400K, used 38384K [0x00000000d5e00000, 0x00000000da900000, 0x0000000100000000)
  eden space 33280K, 100% used [0x00000000d5e00000,0x00000000d7e80000,0x00000000d7e80000)
  from space 5120K, 99% used [0x00000000d7e80000,0x00000000d837c060,0x00000000d8380000)
  to   space 5120K, 0% used [0x00000000da400000,0x00000000da400000,0x00000000da900000)
 ParOldGen       total 87552K, used 6745K [0x0000000081a00000, 0x0000000086f80000, 0x00000000d5e00000)
  object space 87552K, 7% used [0x0000000081a00000,0x0000000082096598,0x0000000086f80000)
 Metaspace       used 15264K, capacity 15546K, committed 15872K, reserved 1062912K
  class space    used 1844K, capacity 1945K, committed 2048K, reserved 1048576K
Event: 1.548 GC heap after
Heap after GC invocations=4 (full 0):
 PSYoungGen      total 71680K, used 5104K [0x00000000d5e00000, 0x00000000da900000, 0x0000000100000000)
  eden space 66560K, 0% used [0x00000000d5e00000,0x00000000d5e00000,0x00000000d9f00000)
  from space 5120K, 99% used [0x00000000da400000,0x00000000da8fc060,0x00000000da900000)
  to   space 5120K, 0% used [0x00000000d9f00000,0x00000000d9f00000,0x00000000da400000)
 ParOldGen       total 87552K, used 11136K [0x0000000081a00000, 0x0000000086f80000, 0x00000000d5e00000)
  object space 87552K, 12% used [0x0000000081a00000,0x00000000824e01c0,0x0000000086f80000)
 Metaspace       used 15264K, capacity 15546K, committed 15872K, reserved 1062912K
  class space    used 1844K, capacity 1945K, committed 2048K, reserved 1048576K
}
Event: 1.856 GC heap before
{Heap before GC invocations=5 (full 0):
 PSYoungGen      total 71680K, used 71664K [0x00000000d5e00000, 0x00000000da900000, 0x0000000100000000)
  eden space 66560K, 100% used [0x00000000d5e00000,0x00000000d9f00000,0x00000000d9f00000)
  from space 5120K, 99% used [0x00000000da400000,0x00000000da8fc060,0x00000000da900000)
  to   space 5120K, 0% used [0x00000000d9f00000,0x00000000d9f00000,0x00000000da400000)
 ParOldGen       total 87552K, used 11136K [0x0000000081a00000, 0x0000000086f80000, 0x00000000d5e00000)
  object space 87552K, 12% used [0x0000000081a00000,0x00000000824e01c0,0x0000000086f80000)
 Metaspace       used 15592K, capacity 15878K, committed 16128K, reserved 1062912K
  class space    used 1865K, capacity 1947K, committed 2048K, reserved 1048576K
Event: 1.869 GC heap after
Heap after GC invocations=5 (full 0):
 PSYoungGen      total 71680K, used 5104K [0x00000000d5e00000, 0x00000000dfc00000, 0x0000000100000000)
  eden space 66560K, 0% used [0x00000000d5e00000,0x00000000d5e00000,0x00000000d9f00000)
  from space 5120K, 99% used [0x00000000d9f00000,0x00000000da3fc040,0x00000000da400000)
  to   space 14336K, 0% used [0x00000000dee00000,0x00000000dee00000,0x00000000dfc00000)
 ParOldGen       total 87552K, used 18796K [0x0000000081a00000, 0x0000000086f80000, 0x00000000d5e00000)
  object space 87552K, 21% used [0x0000000081a00000,0x0000000082c5b280,0x0000000086f80000)
 Metaspace       used 15592K, capacity 15878K, committed 16128K, reserved 1062912K
  class space    used 1865K, capacity 1947K, committed 2048K, reserved 1048576K
}
Event: 2.256 GC heap before
{Heap before GC invocations=6 (full 0):
 PSYoungGen      total 71680K, used 71664K [0x00000000d5e00000, 0x00000000dfc00000, 0x0000000100000000)
  eden space 66560K, 100% used [0x00000000d5e00000,0x00000000d9f00000,0x00000000d9f00000)
  from space 5120K, 99% used [0x00000000d9f00000,0x00000000da3fc040,0x00000000da400000)
  to   space 14336K, 0% used [0x00000000dee00000,0x00000000dee00000,0x00000000dfc00000)
 ParOldGen       total 87552K, used 18796K [0x0000000081a00000, 0x0000000086f80000, 0x00000000d5e00000)
  object space 87552K, 21% used [0x0000000081a00000,0x0000000082c5b280,0x0000000086f80000)
 Metaspace       used 16940K, capacity 17370K, committed 17536K, reserved 1064960K
  class space    used 1994K, capacity 2125K, committed 2176K, reserved 1048576K
Event: 2.266 GC heap after
Heap after GC invocations=6 (full 0):
 PSYoungGen      total 147456K, used 10347K [0x00000000d5e00000, 0x00000000dfc00000, 0x0000000100000000)
  eden space 133120K, 0% used [0x00000000d5e00000,0x00000000d5e00000,0x00000000de000000)
  from space 14336K, 72% used [0x00000000dee00000,0x00000000df81acf0,0x00000000dfc00000)
  to   space 14336K, 0% used [0x00000000de000000,0x00000000de000000,0x00000000dee00000)
 ParOldGen       total 87552K, used 18804K [0x0000000081a00000, 0x0000000086f80000, 0x00000000d5e00000)
  object space 87552K, 21% used [0x0000000081a00000,0x0000000082c5d280,0x0000000086f80000)
 Metaspace       used 16940K, capacity 17370K, committed 17536K, reserved 1064960K
  class space    used 1994K, capacity 2125K, committed 2176K, reserved 1048576K
}

Deoptimization events (10 events):
Event: 1.824 Thread 0x00000000029ad800 Uncommon trap: reason=bimorphic action=maybe_recompile pc=0x0000000002f24b54 method=java.util.concurrent.ConcurrentHashMap.get(Ljava/lang/Object;)Ljava/lang/Object; @ 149
Event: 1.937 Thread 0x00000000029ad800 Uncommon trap: reason=unstable_if action=reinterpret pc=0x0000000002f73180 method=sun.net.www.protocol.jar.Handler.parseURL(Ljava/net/URL;Ljava/lang/String;II)V @ 94
Event: 1.939 Thread 0x00000000029ad800 Uncommon trap: reason=unstable_if action=reinterpret pc=0x0000000002c84054 method=java.io.Reader.read()I @ 12
Event: 1.955 Thread 0x00000000029ad800 Uncommon trap: reason=unstable_if action=reinterpret pc=0x0000000002eed01c method=java.util.LinkedHashMap.afterNodeInsertion(Z)V @ 18
Event: 1.960 Thread 0x00000000029ad800 Uncommon trap: reason=bimorphic action=maybe_recompile pc=0x0000000003303f20 method=java.util.regex.Pattern$BmpCharProperty.match(Ljava/util/regex/Matcher;ILjava/lang/CharSequence;)Z @ 16
Event: 1.960 Thread 0x00000000029ad800 Uncommon trap: reason=bimorphic action=maybe_recompile pc=0x0000000003303f20 method=java.util.regex.Pattern$BmpCharProperty.match(Ljava/util/regex/Matcher;ILjava/lang/CharSequence;)Z @ 16
Event: 1.960 Thread 0x00000000029ad800 Uncommon trap: reason=bimorphic action=maybe_recompile pc=0x0000000002f5930c method=java.util.regex.Pattern$CharProperty.match(Ljava/util/regex/Matcher;ILjava/lang/CharSequence;)Z @ 37
Event: 2.080 Thread 0x00000000029ad800 Uncommon trap: reason=bimorphic action=maybe_recompile pc=0x0000000003303f20 method=java.util.regex.Pattern$BmpCharProperty.match(Ljava/util/regex/Matcher;ILjava/lang/CharSequence;)Z @ 16
Event: 2.080 Thread 0x00000000029ad800 Uncommon trap: reason=bimorphic action=maybe_recompile pc=0x0000000003303f20 method=java.util.regex.Pattern$BmpCharProperty.match(Ljava/util/regex/Matcher;ILjava/lang/CharSequence;)Z @ 16
Event: 2.080 Thread 0x00000000029ad800 Uncommon trap: reason=bimorphic action=maybe_recompile pc=0x0000000002f5930c method=java.util.regex.Pattern$CharProperty.match(Ljava/util/regex/Matcher;ILjava/lang/CharSequence;)Z @ 37

Internal exceptions (10 events):
Event: 1.100 Thread 0x00000000029ad800 Exception <a 'java/lang/NullPointerException'> (0x00000000d699f838) thrown at [C:\re\workspace\8-2-build-windows-amd64-cygwin\jdk8u144\9417\hotspot\src\share\vm\interpreter\linkResolver.cpp, line 1197]
Event: 1.100 Thread 0x00000000029ad800 Exception <a 'java/lang/NullPointerException'> (0x00000000d699fa50) thrown at [C:\re\workspace\8-2-build-windows-amd64-cygwin\jdk8u144\9417\hotspot\src\share\vm\interpreter\linkResolver.cpp, line 1197]
Event: 1.255 Thread 0x00000000029ad800 Implicit null exception at 0x0000000002f97094 to 0x0000000002f98325
Event: 1.557 Thread 0x00000000029ad800 Implicit null exception at 0x000000000316bb77 to 0x000000000316bdc1
Event: 1.781 Thread 0x00000000029ad800 Implicit null exception at 0x0000000002c80ad5 to 0x0000000002c80cad
Event: 1.781 Thread 0x00000000029ad800 Implicit null exception at 0x0000000002d68b6f to 0x0000000002d68bd9
Event: 1.784 Thread 0x00000000029ad800 Implicit null exception at 0x0000000003048140 to 0x00000000030483f1
Event: 1.784 Thread 0x00000000029ad800 Implicit null exception at 0x0000000002f9d95a to 0x0000000002f9e17d
Event: 1.784 Thread 0x00000000029ad800 Implicit null exception at 0x0000000002e3dfbb to 0x0000000002e3e581
Event: 1.795 Thread 0x00000000029ad800 Implicit null exception at 0x000000000308b58f to 0x000000000308ba91

Events (10 events):
Event: 2.201 loading class org/apache/maven/project/artifact/DefaultMavenMetadataCache$CacheRecord
Event: 2.201 loading class org/apache/maven/project/artifact/DefaultMavenMetadataCache$CacheRecord done
Event: 2.202 loading class org/apache/maven/artifact/resolver/ResolutionListenerForDepMgmt
Event: 2.202 loading class org/apache/maven/artifact/resolver/ResolutionListenerForDepMgmt done
Event: 2.253 Thread 0x00000000029ad800 DEOPT PACKING pc=0x0000000003237508 sp=0x00000000024cc100
Event: 2.253 Thread 0x00000000029ad800 DEOPT UNPACKING pc=0x00000000029f787f sp=0x00000000024cbff0 mode 0
Event: 2.256 Thread 0x00000000029ad800 DEOPT PACKING pc=0x0000000002f6e3a2 sp=0x00000000024cc5c0
Event: 2.256 Thread 0x00000000029ad800 DEOPT UNPACKING pc=0x00000000029f787f sp=0x00000000024cc328 mode 0
Event: 2.256 Executing VM operation: ParallelGCFailedAllocation
Event: 2.266 Executing VM operation: ParallelGCFailedAllocation done


Dynamic libraries:
0x00007ff6a70a0000 - 0x00007ff6a70d7000 	C:\Program Files\Java\jdk1.8.0_144\bin\java.exe
0x00007ffdeb010000 - 0x00007ffdeb1eb000 	C:\WINDOWS\SYSTEM32\ntdll.dll
0x00007ffdea640000 - 0x00007ffdea6ee000 	C:\WINDOWS\System32\KERNEL32.DLL
0x00007ffde76c0000 - 0x00007ffde7909000 	C:\WINDOWS\System32\KERNELBASE.dll
0x00007ffde9e80000 - 0x00007ffde9f21000 	C:\WINDOWS\System32\ADVAPI32.dll
0x00007ffde8580000 - 0x00007ffde861d000 	C:\WINDOWS\System32\msvcrt.dll
0x00007ffdea5e0000 - 0x00007ffdea639000 	C:\WINDOWS\System32\sechost.dll
0x00007ffde9d50000 - 0x00007ffde9e75000 	C:\WINDOWS\System32\RPCRT4.dll
0x00007ffdea8e0000 - 0x00007ffdeaa2a000 	C:\WINDOWS\System32\USER32.dll
0x00007ffde84e0000 - 0x00007ffde84fe000 	C:\WINDOWS\System32\win32u.dll
0x00007ffdea490000 - 0x00007ffdea4b7000 	C:\WINDOWS\System32\GDI32.dll
0x00007ffde7530000 - 0x00007ffde76b8000 	C:\WINDOWS\System32\gdi32full.dll
0x00007ffde8390000 - 0x00007ffde842a000 	C:\WINDOWS\System32\msvcp_win.dll
0x00007ffde7ae0000 - 0x00007ffde7bd6000 	C:\WINDOWS\System32\ucrtbase.dll
0x00007ffddadc0000 - 0x00007ffddb027000 	C:\WINDOWS\WinSxS\amd64_microsoft.windows.common-controls_6595b64144ccf1df_6.0.15063.483_none_26002d27e7c744a2\COMCTL32.dll
0x00007ffde9f30000 - 0x00007ffdea229000 	C:\WINDOWS\System32\combase.dll
0x00007ffde8500000 - 0x00007ffde856a000 	C:\WINDOWS\System32\bcryptPrimitives.dll
0x00007ffde8690000 - 0x00007ffde86bd000 	C:\WINDOWS\System32\IMM32.DLL
0x0000000073500000 - 0x00000000735d2000 	C:\Program Files\Java\jdk1.8.0_144\jre\bin\msvcr100.dll
0x0000000071e60000 - 0x00000000726fd000 	C:\Program Files\Java\jdk1.8.0_144\jre\bin\server\jvm.dll
0x00007ffde8760000 - 0x00007ffde8768000 	C:\WINDOWS\System32\PSAPI.DLL
0x00007ffde3730000 - 0x00007ffde3739000 	C:\WINDOWS\SYSTEM32\WSOCK32.dll
0x00007ffddf0a0000 - 0x00007ffddf0aa000 	C:\WINDOWS\SYSTEM32\VERSION.dll
0x00007ffde0140000 - 0x00007ffde0163000 	C:\WINDOWS\SYSTEM32\WINMM.dll
0x00007ffdea4c0000 - 0x00007ffdea52c000 	C:\WINDOWS\System32\WS2_32.dll
0x00007ffddffc0000 - 0x00007ffddffeb000 	C:\WINDOWS\SYSTEM32\WINMMBASE.dll
0x00007ffde8430000 - 0x00007ffde8479000 	C:\WINDOWS\System32\cfgmgr32.dll
0x00000000745f0000 - 0x00000000745ff000 	C:\Program Files\Java\jdk1.8.0_144\jre\bin\verify.dll
0x00000000745c0000 - 0x00000000745e9000 	C:\Program Files\Java\jdk1.8.0_144\jre\bin\java.dll
0x00000000745a0000 - 0x00000000745b6000 	C:\Program Files\Java\jdk1.8.0_144\jre\bin\zip.dll
0x00007ffde8910000 - 0x00007ffde9d47000 	C:\WINDOWS\System32\SHELL32.dll
0x00007ffdea530000 - 0x00007ffdea5da000 	C:\WINDOWS\System32\shcore.dll
0x00007ffde7c90000 - 0x00007ffde8383000 	C:\WINDOWS\System32\windows.storage.dll
0x00007ffdeab70000 - 0x00007ffdeabc1000 	C:\WINDOWS\System32\shlwapi.dll
0x00007ffde74c0000 - 0x00007ffde74d1000 	C:\WINDOWS\System32\kernel.appcore.dll
0x00007ffde74e0000 - 0x00007ffde752c000 	C:\WINDOWS\System32\powrprof.dll
0x00007ffde7480000 - 0x00007ffde7495000 	C:\WINDOWS\System32\profapi.dll
0x00007ffdda810000 - 0x00007ffdda81a000 	D:\program_soft\apache-maven-3.5.0\lib\jansi-native\windows64\jansi.dll
0x0000000074580000 - 0x000000007459a000 	C:\Program Files\Java\jdk1.8.0_144\jre\bin\net.dll
0x00007ffde6d60000 - 0x00007ffde6dbc000 	C:\WINDOWS\system32\mswsock.dll
0x0000000074560000 - 0x0000000074571000 	C:\Program Files\Java\jdk1.8.0_144\jre\bin\nio.dll

VM Arguments:
jvm_args: -Dclassworlds.conf=D:\program_soft\apache-maven-3.5.0\bin\..\bin\m2.conf -Dmaven.home=D:\program_soft\apache-maven-3.5.0\bin\.. -Dmaven.multiModuleProjectDirectory=D:\IdeaProjects\demo\sb-multiple-modules\task 
java_command: org.codehaus.plexus.classworlds.launcher.Launcher idea:idea
java_class_path (initial): D:\program_soft\apache-maven-3.5.0\bin\..\boot\plexus-classworlds-2.5.2.jar
Launcher Type: SUN_STANDARD

Environment Variables:
JAVA_HOME=C:\Program Files\Java\jdk1.8.0_144
CLASSPATH=.;C:\Program Files\Java\jdk1.8.0_144\lib;C:\Program Files\Java\jdk1.8.0_144\lib\tools.jar
PATH=C:\ProgramData\Oracle\Java\javapath;C:\WINDOWS\system32;C:\WINDOWS;C:\WINDOWS\System32\Wbem;C:\WINDOWS\System32\WindowsPowerShell\v1.0\;C:\Program Files\Java\jdk1.8.0_144\bin;C:\Program Files\Java\jdk1.8.0_144\jre\bin;D:\program_soft\apache-maven-3.5.0\bin;D:\program_soft\mysql-5.7.19-winx64\bin;D:\softinstall\Brackets\command;D:\program_soft\Git\cmd;C:\Users\xxjqr\AppData\Local\Microsoft\WindowsApps
USERNAME=xxjqr
OS=Windows_NT
PROCESSOR_IDENTIFIER=Intel64 Family 6 Model 94 Stepping 3, GenuineIntel



---------------  S Y S T E M  ---------------

OS: Windows 10.0 , 64 bit Build 15063 (10.0.15063.296)

CPU:total 8 (initial active 8) (4 cores per cpu, 2 threads per core) family 6 model 94 stepping 3, cmov, cx8, fxsr, mmx, sse, sse2, sse3, ssse3, sse4.1, sse4.2, popcnt, avx, avx2, aes, clmul, erms, rtm, 3dnowpref, lzcnt, ht, tsc, tscinvbit, bmi1, bmi2, adx

Memory: 4k page, physical 8281908k(1121604k free), swap 10806172k(5268k free)

vm_info: Java HotSpot(TM) 64-Bit Server VM (25.144-b01) for windows-amd64 JRE (1.8.0_144-b01), built on Jul 21 2017 21:57:33 by "java_re" with MS VC++ 10.0 (VS2010)

time: Tue Sep 12 21:57:36 2017
elapsed time: 2 seconds (0d 0h 0m 2s)

